#
# There is insufficient memory for the Java Runtime Environment to continue.
# Native memory allocation (malloc) failed to allocate 686016 bytes for Chunk::new
# Possible reasons:
#   The system is out of physical RAM or swap space
#   The process is running with CompressedOops enabled, and the Java Heap may be blocking the growth of the native heap
# Possible solutions:
#   Reduce memory load on the system
#   Increase physical memory or swap space
#   Check if swap backing store is full
#   Decrease Java heap size (-Xmx/-Xms)
#   Decrease number of Java threads
#   Decrease Java thread stack sizes (-Xss)
#   Set larger code cache with -XX:ReservedCodeCacheSize=
#   JVM is running with Unscaled Compressed Oops mode in which the Java heap is
#     placed in the first 4GB address space. The Java Heap base address is the
#     maximum limit for the native heap growth. Please use -XX:HeapBaseMinAddress
#     to set the Java Heap base and to place the Java Heap above 4GB virtual address.
# This output file may be truncated or incomplete.
#
#  Out of Memory Error (./src/hotspot/share/memory/arena.cpp:197), pid=7452, tid=16328
#
# JRE version: OpenJDK Runtime Environment (11.0.11+9) (build 11.0.11+9-b60-7590822)
# Java VM: OpenJDK 64-Bit Server VM (11.0.11+9-b60-7590822, mixed mode, tiered, compressed oops, g1 gc, windows-amd64)
# No core dump will be written. Minidumps are not enabled by default on client versions of Windows
#

---------------  S U M M A R Y ------------

Command Line: -XX:MaxMetaspaceSize=512m --add-opens=java.base/java.util.concurrent.atomic=ALL-UNNAMED --add-opens=java.base/java.util=ALL-UNNAMED --add-opens=java.base/java.lang=ALL-UNNAMED --add-opens=java.base/java.lang.invoke=ALL-UNNAMED --add-opens=java.prefs/java.util.prefs=ALL-UNNAMED --add-opens=java.base/java.nio.charset=ALL-UNNAMED --add-opens=java.base/java.net=ALL-UNNAMED --add-opens=java.base/java.util.concurrent.atomic=ALL-UNNAMED -Xmx2048m -Dfile.encoding=windows-1252 -Duser.country=US -Duser.language=en -Duser.variant org.gradle.launcher.daemon.bootstrap.GradleDaemon 8.0.1

Host: Intel(R) Core(TM) i5-9300H CPU @ 2.40GHz, 8 cores, 7G,  Windows 10 , 64 bit Build 19041 (10.0.19041.2364)
Time: Wed Nov  1 18:10:01 2023 SE Asia Standard Time elapsed time: 31.202457 seconds (0d 0h 0m 31s)

---------------  T H R E A D  ---------------

Current thread (0x000001d99b4d2800):  JavaThread "C2 CompilerThread0" daemon [_thread_in_native, id=16328, stack(0x000000d7b1500000,0x000000d7b1600000)]


Current CompileTask:
C2:  31202 6037       4       org.gradle.internal.classpath.ClasspathBuilder$ZipEntryBuilder::maybeAddParent (50 bytes)

Stack: [0x000000d7b1500000,0x000000d7b1600000]
Native frames: (J=compiled Java code, j=interpreted, Vv=VM code, C=native code)
V  [jvm.dll+0x5f214a]
V  [jvm.dll+0x726fb5]
V  [jvm.dll+0x7285cd]
V  [jvm.dll+0x728c83]
V  [jvm.dll+0x243278]
V  [jvm.dll+0xbc53c]
V  [jvm.dll+0xbca3c]
V  [jvm.dll+0x2b5c34]
V  [jvm.dll+0x508488]
V  [jvm.dll+0x203d53]
V  [jvm.dll+0x1fdbac]
V  [jvm.dll+0x1fb35f]
V  [jvm.dll+0x183d6c]
V  [jvm.dll+0x209a57]
V  [jvm.dll+0x2082a1]
V  [jvm.dll+0x6ef58f]
V  [jvm.dll+0x6e80b5]
V  [jvm.dll+0x5f1036]
C  [ucrtbase.dll+0x21bb2]
C  [KERNEL32.DLL+0x17614]
C  [ntdll.dll+0x526a1]


---------------  P R O C E S S  ---------------

Threads class SMR info:
_java_thread_list=0x000001d99dffe760, length=40, elements={
0x000001d9fdd7d000, 0x000001d99ab89800, 0x000001d99ab95000, 0x000001d99abab000,
0x000001d99abad800, 0x000001d99abb0800, 0x000001d99b4d2800, 0x000001d99b4d8000,
0x000001d99b4e2000, 0x000001d99b672800, 0x000001d99d322800, 0x000001d99caf6000,
0x000001d99cbef000, 0x000001d99d8a8800, 0x000001d99caaa800, 0x000001d99d097000,
0x000001d99d098000, 0x000001d99d8e4000, 0x000001d99d8e0000, 0x000001d99d94e000,
0x000001d99d94b000, 0x000001d99d949800, 0x000001d99d94a000, 0x000001d99d94f000,
0x000001d99d94b800, 0x000001d99d950000, 0x000001d99d94c800, 0x000001d99d94d800,
0x000001d99f468000, 0x000001d99f466800, 0x000001d99f46b800, 0x000001d99f469000,
0x000001d99f467000, 0x000001d99f469800, 0x000001d99f46a800, 0x000001d99f465800,
0x000001d99f472000, 0x000001d99f46d800, 0x000001d99f471000, 0x000001d99f470000
}

Java Threads: ( => current thread )
  0x000001d9fdd7d000 JavaThread "main" [_thread_blocked, id=5948, stack(0x000000d7b0900000,0x000000d7b0a00000)]
  0x000001d99ab89800 JavaThread "Reference Handler" daemon [_thread_blocked, id=15720, stack(0x000000d7b1000000,0x000000d7b1100000)]
  0x000001d99ab95000 JavaThread "Finalizer" daemon [_thread_blocked, id=20444, stack(0x000000d7b1100000,0x000000d7b1200000)]
  0x000001d99abab000 JavaThread "Signal Dispatcher" daemon [_thread_blocked, id=2740, stack(0x000000d7b1200000,0x000000d7b1300000)]
  0x000001d99abad800 JavaThread "Attach Listener" daemon [_thread_blocked, id=21408, stack(0x000000d7b1300000,0x000000d7b1400000)]
  0x000001d99abb0800 JavaThread "Service Thread" daemon [_thread_blocked, id=18692, stack(0x000000d7b1400000,0x000000d7b1500000)]
=>0x000001d99b4d2800 JavaThread "C2 CompilerThread0" daemon [_thread_in_native, id=16328, stack(0x000000d7b1500000,0x000000d7b1600000)]
  0x000001d99b4d8000 JavaThread "C1 CompilerThread0" daemon [_thread_blocked, id=12576, stack(0x000000d7b1600000,0x000000d7b1700000)]
  0x000001d99b4e2000 JavaThread "Sweeper thread" daemon [_thread_blocked, id=16620, stack(0x000000d7b1700000,0x000000d7b1800000)]
  0x000001d99b672800 JavaThread "Common-Cleaner" daemon [_thread_blocked, id=14608, stack(0x000000d7b1800000,0x000000d7b1900000)]
  0x000001d99d322800 JavaThread "Daemon health stats" [_thread_blocked, id=6808, stack(0x000000d7b1c00000,0x000000d7b1d00000)]
  0x000001d99caf6000 JavaThread "Incoming local TCP Connector on port 61325" [_thread_in_native, id=16168, stack(0x000000d7b1d00000,0x000000d7b1e00000)]
  0x000001d99cbef000 JavaThread "Daemon periodic checks" [_thread_blocked, id=15312, stack(0x000000d7b1e00000,0x000000d7b1f00000)]
  0x000001d99d8a8800 JavaThread "Daemon" [_thread_blocked, id=852, stack(0x000000d7b1f00000,0x000000d7b2000000)]
  0x000001d99caaa800 JavaThread "Handler for socket connection from /127.0.0.1:61325 to /127.0.0.1:61326" [_thread_in_native, id=19648, stack(0x000000d7b2000000,0x000000d7b2100000)]
  0x000001d99d097000 JavaThread "Cancel handler" [_thread_blocked, id=4532, stack(0x000000d7b2100000,0x000000d7b2200000)]
  0x000001d99d098000 JavaThread "Daemon worker" [_thread_in_native, id=9260, stack(0x000000d7b2200000,0x000000d7b2300000)]
  0x000001d99d8e4000 JavaThread "Asynchronous log dispatcher for DefaultDaemonConnection: socket connection from /127.0.0.1:61325 to /127.0.0.1:61326" [_thread_blocked, id=5428, stack(0x000000d7b2300000,0x000000d7b2400000)]
  0x000001d99d8e0000 JavaThread "Stdin handler" [_thread_blocked, id=12360, stack(0x000000d7b2400000,0x000000d7b2500000)]
  0x000001d99d94e000 JavaThread "Daemon client event forwarder" [_thread_blocked, id=20128, stack(0x000000d7b2a00000,0x000000d7b2b00000)]
  0x000001d99d94b000 JavaThread "Cache worker for journal cache (C:\Users\ACER\.gradle\caches\journal-1)" [_thread_blocked, id=10336, stack(0x000000d7b2c00000,0x000000d7b2d00000)]
  0x000001d99d949800 JavaThread "File lock request listener" [_thread_in_native, id=20336, stack(0x000000d7b2d00000,0x000000d7b2e00000)]
  0x000001d99d94a000 JavaThread "Cache worker for file hash cache (C:\Users\ACER\.gradle\caches\8.0.1\fileHashes)" [_thread_blocked, id=11228, stack(0x000000d7b2e00000,0x000000d7b2f00000)]
  0x000001d99d94f000 JavaThread "File watcher server" daemon [_thread_in_native, id=12828, stack(0x000000d7b2f00000,0x000000d7b3000000)]
  0x000001d99d94b800 JavaThread "File watcher consumer" daemon [_thread_blocked, id=20316, stack(0x000000d7b3000000,0x000000d7b3100000)]
  0x000001d99d950000 JavaThread "jar transforms" [_thread_blocked, id=21112, stack(0x000000d7b3100000,0x000000d7b3200000)]
  0x000001d99d94c800 JavaThread "jar transforms Thread 2" [_thread_blocked, id=19628, stack(0x000000d7b3200000,0x000000d7b3300000)]
  0x000001d99d94d800 JavaThread "jar transforms Thread 3" [_thread_blocked, id=20628, stack(0x000000d7b3300000,0x000000d7b3400000)]
  0x000001d99f468000 JavaThread "jar transforms Thread 4" [_thread_blocked, id=12128, stack(0x000000d7b3400000,0x000000d7b3500000)]
  0x000001d99f466800 JavaThread "jar transforms Thread 5" [_thread_blocked, id=7208, stack(0x000000d7b3500000,0x000000d7b3600000)]
  0x000001d99f46b800 JavaThread "jar transforms Thread 6" [_thread_blocked, id=3596, stack(0x000000d7b3600000,0x000000d7b3700000)]
  0x000001d99f469000 JavaThread "jar transforms Thread 7" [_thread_blocked, id=16424, stack(0x000000d7b3700000,0x000000d7b3800000)]
  0x000001d99f467000 JavaThread "jar transforms Thread 8" [_thread_blocked, id=20636, stack(0x000000d7b3800000,0x000000d7b3900000)]
  0x000001d99f469800 JavaThread "Cache worker for checksums cache (C:\Users\ACER\Downloads\NikeApp\android\.gradle\8.0.1\checksums)" [_thread_blocked, id=14208, stack(0x000000d7b3900000,0x000000d7b3a00000)]
  0x000001d99f46a800 JavaThread "Cache worker for cache directory md-rule (C:\Users\ACER\.gradle\caches\8.0.1\md-rule)" [_thread_blocked, id=14324, stack(0x000000d7b3a00000,0x000000d7b3b00000)]
  0x000001d99f465800 JavaThread "Cache worker for file content cache (C:\Users\ACER\.gradle\caches\8.0.1\fileContent)" [_thread_blocked, id=20884, stack(0x000000d7b3b00000,0x000000d7b3c00000)]
  0x000001d99f472000 JavaThread "Cache worker for file hash cache (C:\Users\ACER\Downloads\NikeApp\android\.gradle\8.0.1\fileHashes)" [_thread_blocked, id=5408, stack(0x000000d7b3c00000,0x000000d7b3d00000)]
  0x000001d99f46d800 JavaThread "Cache worker for cache directory md-supplier (C:\Users\ACER\.gradle\caches\8.0.1\md-supplier)" [_thread_blocked, id=21328, stack(0x000000d7b3d00000,0x000000d7b3e00000)]
  0x000001d99f471000 JavaThread "Cache worker for execution history cache (C:\Users\ACER\.gradle\caches\8.0.1\executionHistory)" [_thread_blocked, id=17440, stack(0x000000d7b3e00000,0x000000d7b3f00000)]
  0x000001d99f470000 JavaThread "File lock release action executor" [_thread_blocked, id=15556, stack(0x000000d7b3f00000,0x000000d7b4000000)]

Other Threads:
  0x000001d99ab45000 VMThread "VM Thread" [stack: 0x000000d7b0f00000,0x000000d7b1000000] [id=4136]
  0x000001d99b687800 WatcherThread [stack: 0x000000d7b1900000,0x000000d7b1a00000] [id=18588]
  0x000001d9fdd94800 GCTaskThread "GC Thread#0" [stack: 0x000000d7b0a00000,0x000000d7b0b00000] [id=6500]
  0x000001d99c88f800 GCTaskThread "GC Thread#1" [stack: 0x000000d7b1a00000,0x000000d7b1b00000] [id=19808]
  0x000001d99c154000 GCTaskThread "GC Thread#2" [stack: 0x000000d7b1b00000,0x000000d7b1c00000] [id=17868]
  0x000001d99d8e1800 GCTaskThread "GC Thread#3" [stack: 0x000000d7b2500000,0x000000d7b2600000] [id=5204]
  0x000001d99d884800 GCTaskThread "GC Thread#4" [stack: 0x000000d7b2600000,0x000000d7b2700000] [id=9300]
  0x000001d99d885000 GCTaskThread "GC Thread#5" [stack: 0x000000d7b2700000,0x000000d7b2800000] [id=6972]
  0x000001d99cbba000 GCTaskThread "GC Thread#6" [stack: 0x000000d7b2800000,0x000000d7b2900000] [id=7860]
  0x000001d99cbbe800 GCTaskThread "GC Thread#7" [stack: 0x000000d7b2900000,0x000000d7b2a00000] [id=17196]
  0x000001d9fddc8000 ConcurrentGCThread "G1 Main Marker" [stack: 0x000000d7b0b00000,0x000000d7b0c00000] [id=1740]
  0x000001d9fddc9000 ConcurrentGCThread "G1 Conc#0" [stack: 0x000000d7b0c00000,0x000000d7b0d00000] [id=20716]
  0x000001d99cb35000 ConcurrentGCThread "G1 Conc#1" [stack: 0x000000d7b2b00000,0x000000d7b2c00000] [id=8468]
  0x000001d99a9d0800 ConcurrentGCThread "G1 Refine#0" [stack: 0x000000d7b0d00000,0x000000d7b0e00000] [id=19616]
  0x000001d99a9d1000 ConcurrentGCThread "G1 Young RemSet Sampling" [stack: 0x000000d7b0e00000,0x000000d7b0f00000] [id=5940]

Threads with active compile tasks:
C2 CompilerThread0  31240 6037       4       org.gradle.internal.classpath.ClasspathBuilder$ZipEntryBuilder::maybeAddParent (50 bytes)

VM state:not at safepoint (normal execution)

VM Mutex/Monitor currently owned by a thread: None

Heap address: 0x0000000080000000, size: 2048 MB, Compressed Oops mode: 32-bit
Narrow klass base: 0x0000000000000000, Narrow klass shift: 3
Compressed class space size: 528482304 Address: 0x0000000100000000

Heap:
 garbage-first heap   total 187392K, used 123694K [0x0000000080000000, 0x0000000100000000)
  region size 1024K, 54 young (55296K), 5 survivors (5120K)
 Metaspace       used 51528K, capacity 52894K, committed 52992K, reserved 563200K
  class space    used 6636K, capacity 7127K, committed 7168K, reserved 516096K
Heap Regions: E=young(eden), S=young(survivor), O=old, HS=humongous(starts), HC=humongous(continues), CS=collection set, F=free, A=archive, TAMS=top-at-mark-start (previous, next)
|   0|0x0000000080000000, 0x0000000080100000, 0x0000000080100000|100%|HS|  |TAMS 0x0000000080100000, 0x0000000080000000| Complete 
|   1|0x0000000080100000, 0x0000000080200000, 0x0000000080200000|100%|HC|  |TAMS 0x0000000080200000, 0x0000000080100000| Complete 
|   2|0x0000000080200000, 0x0000000080300000, 0x0000000080300000|100%|HC|  |TAMS 0x0000000080300000, 0x0000000080200000| Complete 
|   3|0x0000000080300000, 0x0000000080400000, 0x0000000080400000|100%|HC|  |TAMS 0x0000000080400000, 0x0000000080300000| Complete 
|   4|0x0000000080400000, 0x0000000080500000, 0x0000000080500000|100%| O|  |TAMS 0x0000000080500000, 0x0000000080400000| Untracked 
|   5|0x0000000080500000, 0x0000000080600000, 0x0000000080600000|100%| O|  |TAMS 0x0000000080600000, 0x0000000080500000| Untracked 
|   6|0x0000000080600000, 0x0000000080700000, 0x0000000080700000|100%| O|  |TAMS 0x0000000080700000, 0x0000000080600000| Untracked 
|   7|0x0000000080700000, 0x0000000080800000, 0x0000000080800000|100%| O|  |TAMS 0x0000000080800000, 0x0000000080700000| Untracked 
|   8|0x0000000080800000, 0x0000000080900000, 0x0000000080900000|100%| O|  |TAMS 0x0000000080900000, 0x0000000080800000| Untracked 
|   9|0x0000000080900000, 0x0000000080a00000, 0x0000000080a00000|100%| O|  |TAMS 0x0000000080a00000, 0x0000000080900000| Untracked 
|  10|0x0000000080a00000, 0x0000000080b00000, 0x0000000080b00000|100%| O|  |TAMS 0x0000000080b00000, 0x0000000080a00000| Untracked 
|  11|0x0000000080b00000, 0x0000000080c00000, 0x0000000080c00000|100%| O|  |TAMS 0x0000000080c00000, 0x0000000080b00000| Untracked 
|  12|0x0000000080c00000, 0x0000000080d00000, 0x0000000080d00000|100%| O|  |TAMS 0x0000000080d00000, 0x0000000080c00000| Untracked 
|  13|0x0000000080d00000, 0x0000000080e00000, 0x0000000080e00000|100%| O|  |TAMS 0x0000000080e00000, 0x0000000080d00000| Untracked 
|  14|0x0000000080e00000, 0x0000000080f00000, 0x0000000080f00000|100%| O|  |TAMS 0x0000000080f00000, 0x0000000080e00000| Untracked 
|  15|0x0000000080f00000, 0x0000000081000000, 0x0000000081000000|100%| O|  |TAMS 0x0000000081000000, 0x0000000080f00000| Untracked 
|  16|0x0000000081000000, 0x0000000081100000, 0x0000000081100000|100%| O|  |TAMS 0x0000000081100000, 0x0000000081000000| Untracked 
|  17|0x0000000081100000, 0x0000000081200000, 0x0000000081200000|100%|HS|  |TAMS 0x0000000081200000, 0x0000000081100000| Complete 
|  18|0x0000000081200000, 0x0000000081300000, 0x0000000081300000|100%|HC|  |TAMS 0x0000000081300000, 0x0000000081200000| Complete 
|  19|0x0000000081300000, 0x0000000081400000, 0x0000000081400000|100%|HS|  |TAMS 0x0000000081400000, 0x0000000081300000| Complete 
|  20|0x0000000081400000, 0x0000000081500000, 0x0000000081500000|100%|HC|  |TAMS 0x0000000081500000, 0x0000000081400000| Complete 
|  21|0x0000000081500000, 0x0000000081600000, 0x0000000081600000|100%|HC|  |TAMS 0x0000000081600000, 0x0000000081500000| Complete 
|  22|0x0000000081600000, 0x0000000081700000, 0x0000000081700000|100%|HS|  |TAMS 0x0000000081700000, 0x0000000081600000| Complete 
|  23|0x0000000081700000, 0x0000000081800000, 0x0000000081800000|100%|HC|  |TAMS 0x0000000081800000, 0x0000000081700000| Complete 
|  24|0x0000000081800000, 0x0000000081900000, 0x0000000081900000|100%|HC|  |TAMS 0x0000000081900000, 0x0000000081800000| Complete 
|  25|0x0000000081900000, 0x0000000081a00000, 0x0000000081a00000|100%|HC|  |TAMS 0x0000000081a00000, 0x0000000081900000| Complete 
|  26|0x0000000081a00000, 0x0000000081b00000, 0x0000000081b00000|100%| O|  |TAMS 0x0000000081b00000, 0x0000000081a00000| Untracked 
|  27|0x0000000081b00000, 0x0000000081c00000, 0x0000000081c00000|100%| O|  |TAMS 0x0000000081c00000, 0x0000000081b00000| Untracked 
|  28|0x0000000081c00000, 0x0000000081d00000, 0x0000000081d00000|100%| O|  |TAMS 0x0000000081d00000, 0x0000000081c00000| Untracked 
|  29|0x0000000081d00000, 0x0000000081e00000, 0x0000000081e00000|100%| O|  |TAMS 0x0000000081e00000, 0x0000000081d00000| Untracked 
|  30|0x0000000081e00000, 0x0000000081f00000, 0x0000000081f00000|100%| O|  |TAMS 0x0000000081f00000, 0x0000000081e00000| Untracked 
|  31|0x0000000081f00000, 0x0000000082000000, 0x0000000082000000|100%| O|  |TAMS 0x0000000082000000, 0x0000000081f00000| Untracked 
|  32|0x0000000082000000, 0x0000000082100000, 0x0000000082100000|100%| O|  |TAMS 0x0000000082100000, 0x0000000082000000| Untracked 
|  33|0x0000000082100000, 0x0000000082200000, 0x0000000082200000|100%| O|  |TAMS 0x0000000082200000, 0x0000000082100000| Untracked 
|  34|0x0000000082200000, 0x0000000082300000, 0x0000000082300000|100%| O|  |TAMS 0x0000000082213600, 0x0000000082200000| Untracked 
|  35|0x0000000082300000, 0x0000000082400000, 0x0000000082400000|100%| O|  |TAMS 0x0000000082300000, 0x0000000082300000| Untracked 
|  36|0x0000000082400000, 0x0000000082500000, 0x0000000082500000|100%| O|  |TAMS 0x0000000082400000, 0x0000000082400000| Untracked 
|  37|0x0000000082500000, 0x0000000082600000, 0x0000000082600000|100%| O|  |TAMS 0x0000000082500000, 0x0000000082500000| Untracked 
|  38|0x0000000082600000, 0x0000000082700000, 0x0000000082700000|100%| O|  |TAMS 0x0000000082600000, 0x0000000082600000| Untracked 
|  39|0x0000000082700000, 0x0000000082800000, 0x0000000082800000|100%| O|  |TAMS 0x0000000082700000, 0x0000000082700000| Untracked 
|  40|0x0000000082800000, 0x0000000082900000, 0x0000000082900000|100%| O|  |TAMS 0x0000000082800000, 0x0000000082800000| Untracked 
|  41|0x0000000082900000, 0x0000000082a00000, 0x0000000082a00000|100%| O|  |TAMS 0x0000000082900000, 0x0000000082900000| Untracked 
|  42|0x0000000082a00000, 0x0000000082b00000, 0x0000000082b00000|100%| O|  |TAMS 0x0000000082a00000, 0x0000000082a00000| Untracked 
|  43|0x0000000082b00000, 0x0000000082c00000, 0x0000000082c00000|100%| O|  |TAMS 0x0000000082b00000, 0x0000000082b00000| Untracked 
|  44|0x0000000082c00000, 0x0000000082d00000, 0x0000000082d00000|100%| O|  |TAMS 0x0000000082c00000, 0x0000000082c00000| Untracked 
|  45|0x0000000082d00000, 0x0000000082e00000, 0x0000000082e00000|100%| O|  |TAMS 0x0000000082d00000, 0x0000000082d00000| Untracked 
|  46|0x0000000082e00000, 0x0000000082f00000, 0x0000000082f00000|100%| O|  |TAMS 0x0000000082e00000, 0x0000000082e00000| Untracked 
|  47|0x0000000082f00000, 0x0000000083000000, 0x0000000083000000|100%| O|  |TAMS 0x0000000082f00000, 0x0000000082f00000| Untracked 
|  48|0x0000000083000000, 0x0000000083100000, 0x0000000083100000|100%| O|  |TAMS 0x0000000083000000, 0x0000000083000000| Untracked 
|  49|0x0000000083100000, 0x0000000083200000, 0x0000000083200000|100%| O|  |TAMS 0x0000000083100000, 0x0000000083100000| Untracked 
|  50|0x0000000083200000, 0x0000000083300000, 0x0000000083300000|100%| O|  |TAMS 0x0000000083200000, 0x0000000083200000| Untracked 
|  51|0x0000000083300000, 0x0000000083400000, 0x0000000083400000|100%| O|  |TAMS 0x0000000083300000, 0x0000000083300000| Untracked 
|  52|0x0000000083400000, 0x0000000083500000, 0x0000000083500000|100%| O|  |TAMS 0x0000000083400000, 0x0000000083400000| Untracked 
|  53|0x0000000083500000, 0x0000000083600000, 0x0000000083600000|100%| O|  |TAMS 0x0000000083500000, 0x0000000083500000| Untracked 
|  54|0x0000000083600000, 0x0000000083700000, 0x0000000083700000|100%| O|  |TAMS 0x0000000083600000, 0x0000000083600000| Untracked 
|  55|0x0000000083700000, 0x0000000083800000, 0x0000000083800000|100%| O|  |TAMS 0x0000000083700000, 0x0000000083700000| Untracked 
|  56|0x0000000083800000, 0x0000000083900000, 0x0000000083900000|100%| O|  |TAMS 0x0000000083800000, 0x0000000083800000| Untracked 
|  57|0x0000000083900000, 0x0000000083a00000, 0x0000000083a00000|100%| O|  |TAMS 0x0000000083900000, 0x0000000083900000| Untracked 
|  58|0x0000000083a00000, 0x0000000083b00000, 0x0000000083b00000|100%| O|  |TAMS 0x0000000083a00000, 0x0000000083a00000| Untracked 
|  59|0x0000000083b00000, 0x0000000083c00000, 0x0000000083c00000|100%| O|  |TAMS 0x0000000083b00000, 0x0000000083b00000| Untracked 
|  60|0x0000000083c00000, 0x0000000083d00000, 0x0000000083d00000|100%|HS|  |TAMS 0x0000000083c00000, 0x0000000083c00000| Complete 
|  61|0x0000000083d00000, 0x0000000083e00000, 0x0000000083e00000|100%|HC|  |TAMS 0x0000000083d00000, 0x0000000083d00000| Complete 
|  62|0x0000000083e00000, 0x0000000083f00000, 0x0000000083f00000|100%|HC|  |TAMS 0x0000000083e00000, 0x0000000083e00000| Complete 
|  63|0x0000000083f00000, 0x0000000084000000, 0x0000000084000000|100%| O|  |TAMS 0x0000000083f00000, 0x0000000083f00000| Untracked 
|  64|0x0000000084000000, 0x0000000084100000, 0x0000000084100000|100%| O|  |TAMS 0x0000000084000000, 0x0000000084000000| Untracked 
|  65|0x0000000084100000, 0x0000000084200000, 0x0000000084200000|100%| O|  |TAMS 0x0000000084100000, 0x0000000084100000| Untracked 
|  66|0x0000000084200000, 0x0000000084300000, 0x0000000084300000|100%| O|  |TAMS 0x0000000084200000, 0x0000000084200000| Untracked 
|  67|0x0000000084300000, 0x0000000084400000, 0x0000000084400000|100%| O|  |TAMS 0x0000000084300000, 0x0000000084300000| Untracked 
|  68|0x0000000084400000, 0x0000000084404a00, 0x0000000084500000|  1%| O|  |TAMS 0x0000000084400000, 0x0000000084400000| Untracked 
|  69|0x0000000084500000, 0x0000000084500000, 0x0000000084600000|  0%| F|  |TAMS 0x0000000084500000, 0x0000000084500000| Untracked 
|  70|0x0000000084600000, 0x0000000084600000, 0x0000000084700000|  0%| F|  |TAMS 0x0000000084600000, 0x0000000084600000| Untracked 
|  71|0x0000000084700000, 0x0000000084700000, 0x0000000084800000|  0%| F|  |TAMS 0x0000000084700000, 0x0000000084700000| Untracked 
|  72|0x0000000084800000, 0x0000000084800000, 0x0000000084900000|  0%| F|  |TAMS 0x0000000084800000, 0x0000000084800000| Untracked 
|  73|0x0000000084900000, 0x0000000084900000, 0x0000000084a00000|  0%| F|  |TAMS 0x0000000084900000, 0x0000000084900000| Untracked 
|  74|0x0000000084a00000, 0x0000000084a00000, 0x0000000084b00000|  0%| F|  |TAMS 0x0000000084a00000, 0x0000000084a00000| Untracked 
|  75|0x0000000084b00000, 0x0000000084b00000, 0x0000000084c00000|  0%| F|  |TAMS 0x0000000084b00000, 0x0000000084b00000| Untracked 
|  76|0x0000000084c00000, 0x0000000084c00000, 0x0000000084d00000|  0%| F|  |TAMS 0x0000000084c00000, 0x0000000084c00000| Untracked 
|  77|0x0000000084d00000, 0x0000000084d00000, 0x0000000084e00000|  0%| F|  |TAMS 0x0000000084d00000, 0x0000000084d00000| Untracked 
|  78|0x0000000084e00000, 0x0000000084e00000, 0x0000000084f00000|  0%| F|  |TAMS 0x0000000084e00000, 0x0000000084e00000| Untracked 
|  79|0x0000000084f00000, 0x0000000084f00000, 0x0000000085000000|  0%| F|  |TAMS 0x0000000084f00000, 0x0000000084f00000| Untracked 
|  80|0x0000000085000000, 0x0000000085000000, 0x0000000085100000|  0%| F|  |TAMS 0x0000000085000000, 0x0000000085000000| Untracked 
|  81|0x0000000085100000, 0x0000000085100000, 0x0000000085200000|  0%| F|  |TAMS 0x0000000085100000, 0x0000000085100000| Untracked 
|  82|0x0000000085200000, 0x0000000085200000, 0x0000000085300000|  0%| F|  |TAMS 0x0000000085200000, 0x0000000085200000| Untracked 
|  83|0x0000000085300000, 0x0000000085300000, 0x0000000085400000|  0%| F|  |TAMS 0x0000000085300000, 0x0000000085300000| Untracked 
|  84|0x0000000085400000, 0x0000000085400000, 0x0000000085500000|  0%| F|  |TAMS 0x0000000085400000, 0x0000000085400000| Untracked 
|  85|0x0000000085500000, 0x0000000085500000, 0x0000000085600000|  0%| F|  |TAMS 0x0000000085500000, 0x0000000085500000| Untracked 
|  86|0x0000000085600000, 0x0000000085600000, 0x0000000085700000|  0%| F|  |TAMS 0x0000000085600000, 0x0000000085600000| Untracked 
|  87|0x0000000085700000, 0x0000000085700000, 0x0000000085800000|  0%| F|  |TAMS 0x0000000085700000, 0x0000000085700000| Untracked 
|  88|0x0000000085800000, 0x0000000085800000, 0x0000000085900000|  0%| F|  |TAMS 0x0000000085800000, 0x0000000085800000| Untracked 
|  89|0x0000000085900000, 0x0000000085900000, 0x0000000085a00000|  0%| F|  |TAMS 0x0000000085900000, 0x0000000085900000| Untracked 
|  90|0x0000000085a00000, 0x0000000085a00000, 0x0000000085b00000|  0%| F|  |TAMS 0x0000000085a00000, 0x0000000085a00000| Untracked 
|  91|0x0000000085b00000, 0x0000000085b00000, 0x0000000085c00000|  0%| F|  |TAMS 0x0000000085b00000, 0x0000000085b00000| Untracked 
|  92|0x0000000085c00000, 0x0000000085c00000, 0x0000000085d00000|  0%| F|  |TAMS 0x0000000085c00000, 0x0000000085c00000| Untracked 
|  93|0x0000000085d00000, 0x0000000085d00000, 0x0000000085e00000|  0%| F|  |TAMS 0x0000000085d00000, 0x0000000085d00000| Untracked 
|  94|0x0000000085e00000, 0x0000000085e00000, 0x0000000085f00000|  0%| F|  |TAMS 0x0000000085e00000, 0x0000000085e00000| Untracked 
|  95|0x0000000085f00000, 0x0000000085f00000, 0x0000000086000000|  0%| F|  |TAMS 0x0000000085f00000, 0x0000000085f00000| Untracked 
|  96|0x0000000086000000, 0x0000000086000000, 0x0000000086100000|  0%| F|  |TAMS 0x0000000086000000, 0x0000000086000000| Untracked 
|  97|0x0000000086100000, 0x0000000086100000, 0x0000000086200000|  0%| F|  |TAMS 0x0000000086100000, 0x0000000086100000| Untracked 
|  98|0x0000000086200000, 0x0000000086200000, 0x0000000086300000|  0%| F|  |TAMS 0x0000000086200000, 0x0000000086200000| Untracked 
|  99|0x0000000086300000, 0x0000000086300000, 0x0000000086400000|  0%| F|  |TAMS 0x0000000086300000, 0x0000000086300000| Untracked 
| 100|0x0000000086400000, 0x0000000086400000, 0x0000000086500000|  0%| F|  |TAMS 0x0000000086400000, 0x0000000086400000| Untracked 
| 101|0x0000000086500000, 0x0000000086500000, 0x0000000086600000|  0%| F|  |TAMS 0x0000000086500000, 0x0000000086500000| Untracked 
| 102|0x0000000086600000, 0x00000000866c7140, 0x0000000086700000| 77%| S|CS|TAMS 0x0000000086600000, 0x0000000086600000| Complete 
| 103|0x0000000086700000, 0x0000000086800000, 0x0000000086800000|100%| S|CS|TAMS 0x0000000086700000, 0x0000000086700000| Complete 
| 104|0x0000000086800000, 0x0000000086900000, 0x0000000086900000|100%| S|CS|TAMS 0x0000000086800000, 0x0000000086800000| Complete 
| 105|0x0000000086900000, 0x0000000086a00000, 0x0000000086a00000|100%| S|CS|TAMS 0x0000000086900000, 0x0000000086900000| Complete 
| 106|0x0000000086a00000, 0x0000000086b00000, 0x0000000086b00000|100%| S|CS|TAMS 0x0000000086a00000, 0x0000000086a00000| Complete 
| 107|0x0000000086b00000, 0x0000000086b00000, 0x0000000086c00000|  0%| F|  |TAMS 0x0000000086b00000, 0x0000000086b00000| Untracked 
| 108|0x0000000086c00000, 0x0000000086c00000, 0x0000000086d00000|  0%| F|  |TAMS 0x0000000086c00000, 0x0000000086c00000| Untracked 
| 109|0x0000000086d00000, 0x0000000086d00000, 0x0000000086e00000|  0%| F|  |TAMS 0x0000000086d00000, 0x0000000086d00000| Untracked 
| 110|0x0000000086e00000, 0x0000000086e00000, 0x0000000086f00000|  0%| F|  |TAMS 0x0000000086e00000, 0x0000000086e00000| Untracked 
| 111|0x0000000086f00000, 0x0000000086f00000, 0x0000000087000000|  0%| F|  |TAMS 0x0000000086f00000, 0x0000000086f00000| Untracked 
| 112|0x0000000087000000, 0x0000000087000000, 0x0000000087100000|  0%| F|  |TAMS 0x0000000087000000, 0x0000000087000000| Untracked 
| 113|0x0000000087100000, 0x0000000087100000, 0x0000000087200000|  0%| F|  |TAMS 0x0000000087100000, 0x0000000087100000| Untracked 
| 114|0x0000000087200000, 0x0000000087200000, 0x0000000087300000|  0%| F|  |TAMS 0x0000000087200000, 0x0000000087200000| Untracked 
| 115|0x0000000087300000, 0x0000000087300000, 0x0000000087400000|  0%| F|  |TAMS 0x0000000087300000, 0x0000000087300000| Untracked 
| 116|0x0000000087400000, 0x0000000087400000, 0x0000000087500000|  0%| F|  |TAMS 0x0000000087400000, 0x0000000087400000| Untracked 
| 117|0x0000000087500000, 0x0000000087500000, 0x0000000087600000|  0%| F|  |TAMS 0x0000000087500000, 0x0000000087500000| Untracked 
| 118|0x0000000087600000, 0x0000000087600000, 0x0000000087700000|  0%| F|  |TAMS 0x0000000087600000, 0x0000000087600000| Untracked 
| 119|0x0000000087700000, 0x0000000087700000, 0x0000000087800000|  0%| F|  |TAMS 0x0000000087700000, 0x0000000087700000| Untracked 
| 120|0x0000000087800000, 0x0000000087800000, 0x0000000087900000|  0%| F|  |TAMS 0x0000000087800000, 0x0000000087800000| Untracked 
| 121|0x0000000087900000, 0x0000000087900000, 0x0000000087a00000|  0%| F|  |TAMS 0x0000000087900000, 0x0000000087900000| Untracked 
| 122|0x0000000087a00000, 0x0000000087a00000, 0x0000000087b00000|  0%| F|  |TAMS 0x0000000087a00000, 0x0000000087a00000| Untracked 
| 123|0x0000000087b00000, 0x0000000087b00000, 0x0000000087c00000|  0%| F|  |TAMS 0x0000000087b00000, 0x0000000087b00000| Untracked 
| 124|0x0000000087c00000, 0x0000000087c00000, 0x0000000087d00000|  0%| F|  |TAMS 0x0000000087c00000, 0x0000000087c00000| Untracked 
| 125|0x0000000087d00000, 0x0000000087d00000, 0x0000000087e00000|  0%| F|  |TAMS 0x0000000087d00000, 0x0000000087d00000| Untracked 
| 126|0x0000000087e00000, 0x0000000087e00000, 0x0000000087f00000|  0%| F|  |TAMS 0x0000000087e00000, 0x0000000087e00000| Untracked 
| 127|0x0000000087f00000, 0x0000000087f00000, 0x0000000088000000|  0%| F|  |TAMS 0x0000000087f00000, 0x0000000087f00000| Untracked 
| 128|0x0000000088000000, 0x0000000088000000, 0x0000000088100000|  0%| F|  |TAMS 0x0000000088000000, 0x0000000088000000| Untracked 
| 129|0x0000000088100000, 0x0000000088100000, 0x0000000088200000|  0%| F|  |TAMS 0x0000000088100000, 0x0000000088100000| Untracked 
| 130|0x0000000088200000, 0x0000000088200000, 0x0000000088300000|  0%| F|  |TAMS 0x0000000088200000, 0x0000000088200000| Untracked 
| 131|0x0000000088300000, 0x0000000088300000, 0x0000000088400000|  0%| F|  |TAMS 0x0000000088300000, 0x0000000088300000| Untracked 
| 132|0x0000000088400000, 0x0000000088400000, 0x0000000088500000|  0%| F|  |TAMS 0x0000000088400000, 0x0000000088400000| Untracked 
| 133|0x0000000088500000, 0x0000000088500000, 0x0000000088600000|  0%| F|  |TAMS 0x0000000088500000, 0x0000000088500000| Untracked 
| 134|0x0000000088600000, 0x0000000088696ba0, 0x0000000088700000| 58%| E|  |TAMS 0x0000000088600000, 0x0000000088600000| Complete 
| 135|0x0000000088700000, 0x0000000088800000, 0x0000000088800000|100%| E|CS|TAMS 0x0000000088700000, 0x0000000088700000| Complete 
| 136|0x0000000088800000, 0x0000000088900000, 0x0000000088900000|100%| E|CS|TAMS 0x0000000088800000, 0x0000000088800000| Complete 
| 137|0x0000000088900000, 0x0000000088a00000, 0x0000000088a00000|100%| E|CS|TAMS 0x0000000088900000, 0x0000000088900000| Complete 
| 138|0x0000000088a00000, 0x0000000088b00000, 0x0000000088b00000|100%| E|CS|TAMS 0x0000000088a00000, 0x0000000088a00000| Complete 
| 139|0x0000000088b00000, 0x0000000088c00000, 0x0000000088c00000|100%| E|CS|TAMS 0x0000000088b00000, 0x0000000088b00000| Complete 
| 140|0x0000000088c00000, 0x0000000088d00000, 0x0000000088d00000|100%| E|CS|TAMS 0x0000000088c00000, 0x0000000088c00000| Complete 
| 141|0x0000000088d00000, 0x0000000088e00000, 0x0000000088e00000|100%| E|CS|TAMS 0x0000000088d00000, 0x0000000088d00000| Complete 
| 142|0x0000000088e00000, 0x0000000088f00000, 0x0000000088f00000|100%| E|CS|TAMS 0x0000000088e00000, 0x0000000088e00000| Complete 
| 143|0x0000000088f00000, 0x0000000089000000, 0x0000000089000000|100%| E|CS|TAMS 0x0000000088f00000, 0x0000000088f00000| Complete 
| 144|0x0000000089000000, 0x0000000089100000, 0x0000000089100000|100%| E|CS|TAMS 0x0000000089000000, 0x0000000089000000| Complete 
| 145|0x0000000089100000, 0x0000000089200000, 0x0000000089200000|100%| E|CS|TAMS 0x0000000089100000, 0x0000000089100000| Complete 
| 146|0x0000000089200000, 0x0000000089300000, 0x0000000089300000|100%| E|CS|TAMS 0x0000000089200000, 0x0000000089200000| Complete 
| 147|0x0000000089300000, 0x0000000089400000, 0x0000000089400000|100%| E|CS|TAMS 0x0000000089300000, 0x0000000089300000| Complete 
| 148|0x0000000089400000, 0x0000000089500000, 0x0000000089500000|100%| E|CS|TAMS 0x0000000089400000, 0x0000000089400000| Complete 
| 149|0x0000000089500000, 0x0000000089600000, 0x0000000089600000|100%| E|CS|TAMS 0x0000000089500000, 0x0000000089500000| Complete 
| 150|0x0000000089600000, 0x0000000089700000, 0x0000000089700000|100%| E|CS|TAMS 0x0000000089600000, 0x0000000089600000| Complete 
| 151|0x0000000089700000, 0x0000000089800000, 0x0000000089800000|100%| E|CS|TAMS 0x0000000089700000, 0x0000000089700000| Complete 
| 152|0x0000000089800000, 0x0000000089900000, 0x0000000089900000|100%| E|CS|TAMS 0x0000000089800000, 0x0000000089800000| Complete 
| 153|0x0000000089900000, 0x0000000089a00000, 0x0000000089a00000|100%| E|CS|TAMS 0x0000000089900000, 0x0000000089900000| Complete 
| 154|0x0000000089a00000, 0x0000000089b00000, 0x0000000089b00000|100%| E|CS|TAMS 0x0000000089a00000, 0x0000000089a00000| Complete 
| 155|0x0000000089b00000, 0x0000000089c00000, 0x0000000089c00000|100%| E|CS|TAMS 0x0000000089b00000, 0x0000000089b00000| Complete 
| 156|0x0000000089c00000, 0x0000000089d00000, 0x0000000089d00000|100%| E|CS|TAMS 0x0000000089c00000, 0x0000000089c00000| Complete 
| 157|0x0000000089d00000, 0x0000000089e00000, 0x0000000089e00000|100%| E|CS|TAMS 0x0000000089d00000, 0x0000000089d00000| Complete 
| 158|0x0000000089e00000, 0x0000000089f00000, 0x0000000089f00000|100%| E|CS|TAMS 0x0000000089e00000, 0x0000000089e00000| Complete 
| 159|0x0000000089f00000, 0x000000008a000000, 0x000000008a000000|100%| E|CS|TAMS 0x0000000089f00000, 0x0000000089f00000| Complete 
| 160|0x000000008a000000, 0x000000008a100000, 0x000000008a100000|100%| E|CS|TAMS 0x000000008a000000, 0x000000008a000000| Complete 
| 161|0x000000008a100000, 0x000000008a200000, 0x000000008a200000|100%| E|CS|TAMS 0x000000008a100000, 0x000000008a100000| Complete 
| 162|0x000000008a200000, 0x000000008a300000, 0x000000008a300000|100%| E|CS|TAMS 0x000000008a200000, 0x000000008a200000| Complete 
| 163|0x000000008a300000, 0x000000008a400000, 0x000000008a400000|100%| E|CS|TAMS 0x000000008a300000, 0x000000008a300000| Complete 
| 164|0x000000008a400000, 0x000000008a500000, 0x000000008a500000|100%| E|CS|TAMS 0x000000008a400000, 0x000000008a400000| Complete 
| 165|0x000000008a500000, 0x000000008a600000, 0x000000008a600000|100%| E|CS|TAMS 0x000000008a500000, 0x000000008a500000| Complete 
| 166|0x000000008a600000, 0x000000008a700000, 0x000000008a700000|100%| E|CS|TAMS 0x000000008a600000, 0x000000008a600000| Complete 
| 167|0x000000008a700000, 0x000000008a800000, 0x000000008a800000|100%| E|CS|TAMS 0x000000008a700000, 0x000000008a700000| Complete 
| 168|0x000000008a800000, 0x000000008a900000, 0x000000008a900000|100%| E|CS|TAMS 0x000000008a800000, 0x000000008a800000| Complete 
| 169|0x000000008a900000, 0x000000008aa00000, 0x000000008aa00000|100%| E|CS|TAMS 0x000000008a900000, 0x000000008a900000| Complete 
| 170|0x000000008aa00000, 0x000000008ab00000, 0x000000008ab00000|100%| E|CS|TAMS 0x000000008aa00000, 0x000000008aa00000| Complete 
| 171|0x000000008ab00000, 0x000000008ac00000, 0x000000008ac00000|100%| E|CS|TAMS 0x000000008ab00000, 0x000000008ab00000| Complete 
| 172|0x000000008ac00000, 0x000000008ad00000, 0x000000008ad00000|100%| E|CS|TAMS 0x000000008ac00000, 0x000000008ac00000| Complete 
| 173|0x000000008ad00000, 0x000000008ae00000, 0x000000008ae00000|100%| E|CS|TAMS 0x000000008ad00000, 0x000000008ad00000| Complete 
| 174|0x000000008ae00000, 0x000000008af00000, 0x000000008af00000|100%| E|CS|TAMS 0x000000008ae00000, 0x000000008ae00000| Complete 
| 175|0x000000008af00000, 0x000000008b000000, 0x000000008b000000|100%| E|CS|TAMS 0x000000008af00000, 0x000000008af00000| Complete 
| 176|0x000000008b000000, 0x000000008b100000, 0x000000008b100000|100%| E|CS|TAMS 0x000000008b000000, 0x000000008b000000| Complete 
| 177|0x000000008b100000, 0x000000008b200000, 0x000000008b200000|100%| E|CS|TAMS 0x000000008b100000, 0x000000008b100000| Complete 
| 178|0x000000008b200000, 0x000000008b300000, 0x000000008b300000|100%| E|CS|TAMS 0x000000008b200000, 0x000000008b200000| Complete 
| 179|0x000000008b300000, 0x000000008b400000, 0x000000008b400000|100%| E|CS|TAMS 0x000000008b300000, 0x000000008b300000| Complete 
| 180|0x000000008b400000, 0x000000008b500000, 0x000000008b500000|100%| E|CS|TAMS 0x000000008b400000, 0x000000008b400000| Complete 
| 181|0x000000008b500000, 0x000000008b600000, 0x000000008b600000|100%| E|CS|TAMS 0x000000008b500000, 0x000000008b500000| Complete 
| 182|0x000000008b600000, 0x000000008b700000, 0x000000008b700000|100%| E|CS|TAMS 0x000000008b600000, 0x000000008b600000| Complete 

Card table byte_map: [0x000001d9938b0000,0x000001d993cb0000] _byte_map_base: 0x000001d9934b0000

Marking Bits (Prev, Next): (CMBitMap*) 0x000001d9fddbf028, (CMBitMap*) 0x000001d9fddbf060
 Prev Bits: [0x000001d9940b0000, 0x000001d9960b0000)
 Next Bits: [0x000001d9960b0000, 0x000001d9980b0000)

Polling page: 0x000001d980000000

Metaspace:

Usage:
  Non-class:     44.69 MB capacity,    43.84 MB ( 98%) used,   729.54 KB (  2%) free+waste,   145.63 KB ( <1%) overhead. 
      Class:      6.96 MB capacity,     6.48 MB ( 93%) used,   420.07 KB (  6%) free+waste,    70.06 KB ( <1%) overhead. 
       Both:     51.65 MB capacity,    50.32 MB ( 97%) used,     1.12 MB (  2%) free+waste,   215.69 KB ( <1%) overhead. 

Virtual space:
  Non-class space:       46.00 MB reserved,      44.75 MB ( 97%) committed 
      Class space:      504.00 MB reserved,       7.00 MB (  1%) committed 
             Both:      550.00 MB reserved,      51.75 MB (  9%) committed 

Chunk freelists:
   Non-Class:  57.00 KB
       Class:  9.00 KB
        Both:  66.00 KB

MaxMetaspaceSize: 512.00 MB
CompressedClassSpaceSize: 504.00 MB

CodeHeap 'non-profiled nmethods': size=120000Kb used=5116Kb max_used=5116Kb free=114883Kb
 bounds [0x000001d98b510000, 0x000001d98ba10000, 0x000001d992a40000]
CodeHeap 'profiled nmethods': size=120000Kb used=13515Kb max_used=13515Kb free=106484Kb
 bounds [0x000001d983fe0000, 0x000001d984d20000, 0x000001d98b510000]
CodeHeap 'non-nmethods': size=5760Kb used=2228Kb max_used=2292Kb free=3531Kb
 bounds [0x000001d983a40000, 0x000001d983cb0000, 0x000001d983fe0000]
 total_blobs=6784 nmethods=5978 adapters=716
 compilation: enabled
              stopped_count=0, restarted_count=0
 full_count=0

Compilation events (20 events):
Event: 30.990 Thread 0x000001d99b4d2800 nmethod 6049 0x000001d98ba07010 code [0x000001d98ba071c0, 0x000001d98ba072b8]
Event: 30.990 Thread 0x000001d99b4d2800 6024       4       org.gradle.internal.classpath.ClasspathWalker$ZipClasspathEntry::getName (10 bytes)
Event: 30.990 Thread 0x000001d99b4d2800 nmethod 6024 0x000001d98ba07410 code [0x000001d98ba075c0, 0x000001d98ba07678]
Event: 30.990 Thread 0x000001d99b4d2800 6036       4       java.time.Instant::create (49 bytes)
Event: 30.992 Thread 0x000001d99b4d2800 nmethod 6036 0x000001d98ba07790 code [0x000001d98ba07940, 0x000001d98ba07a98]
Event: 30.992 Thread 0x000001d99b4d2800 6040       4       org.apache.commons.compress.archivers.zip.ZipArchiveEntry::<init> (67 bytes)
Event: 30.999 Thread 0x000001d99b4d2800 nmethod 6040 0x000001d98ba07b90 code [0x000001d98ba07d40, 0x000001d98ba08438]
Event: 30.999 Thread 0x000001d99b4d2800 6042       4       org.apache.commons.compress.archivers.zip.ZipArchiveOutputStream::putArchiveEntry (297 bytes)
Event: 31.044 Thread 0x000001d99b4d8000 6062 %     3       org.apache.commons.compress.archivers.zip.ZipArchiveOutputStream::writeCentralDirectoryInChunks @ 27 (95 bytes)
Event: 31.045 Thread 0x000001d99b4d8000 nmethod 6062% 0x000001d984d0d710 code [0x000001d984d0da20, 0x000001d984d0f1f8]
Event: 31.047 Thread 0x000001d99b4d8000 6063       3       org.apache.commons.compress.archivers.zip.ZipArchiveOutputStream::writeCentralDirectoryInChunks (95 bytes)
Event: 31.048 Thread 0x000001d99b4d8000 nmethod 6063 0x000001d984d0f910 code [0x000001d984d0fc00, 0x000001d984d11278]
Event: 31.054 Thread 0x000001d99b4d8000 6064 %     3       java.util.LinkedList::clear @ 5 (60 bytes)
Event: 31.054 Thread 0x000001d99b4d8000 nmethod 6064% 0x000001d984d11910 code [0x000001d984d11ae0, 0x000001d984d11dd8]
Event: 31.068 Thread 0x000001d99b4d8000 6065       3       org.gradle.internal.snapshot.MediumChildMap::withNode (67 bytes)
Event: 31.069 Thread 0x000001d99b4d8000 nmethod 6065 0x000001d984d11f10 code [0x000001d984d12160, 0x000001d984d129d8]
Event: 31.140 Thread 0x000001d99b4d2800 nmethod 6042 0x000001d98ba08690 code [0x000001d98ba08ac0, 0x000001d98ba0b8d8]
Event: 31.140 Thread 0x000001d99b4d2800 6066  s    4       java.io.BufferedInputStream::read (113 bytes)
Event: 31.147 Thread 0x000001d99b4d2800 nmethod 6066 0x000001d98ba0dc10 code [0x000001d98ba0de00, 0x000001d98ba0ea50]
Event: 31.147 Thread 0x000001d99b4d2800 6037       4       org.gradle.internal.classpath.ClasspathBuilder$ZipEntryBuilder::maybeAddParent (50 bytes)

GC Heap History (20 events):
Event: 28.357 GC heap before
{Heap before GC invocations=44 (full 0):
 garbage-first heap   total 155648K, used 132956K [0x0000000080000000, 0x0000000100000000)
  region size 1024K, 68 young (69632K), 5 survivors (5120K)
 Metaspace       used 51520K, capacity 52894K, committed 52992K, reserved 563200K
  class space    used 6636K, capacity 7127K, committed 7168K, reserved 516096K
}
Event: 28.360 GC heap after
{Heap after GC invocations=45 (full 0):
 garbage-first heap   total 155648K, used 69049K [0x0000000080000000, 0x0000000100000000)
  region size 1024K, 6 young (6144K), 6 survivors (6144K)
 Metaspace       used 51520K, capacity 52894K, committed 52992K, reserved 563200K
  class space    used 6636K, capacity 7127K, committed 7168K, reserved 516096K
}
Event: 28.596 GC heap before
{Heap before GC invocations=45 (full 0):
 garbage-first heap   total 155648K, used 131513K [0x0000000080000000, 0x0000000100000000)
  region size 1024K, 67 young (68608K), 6 survivors (6144K)
 Metaspace       used 51520K, capacity 52894K, committed 52992K, reserved 563200K
  class space    used 6636K, capacity 7127K, committed 7168K, reserved 516096K
}
Event: 28.599 GC heap after
{Heap after GC invocations=46 (full 0):
 garbage-first heap   total 155648K, used 70100K [0x0000000080000000, 0x0000000100000000)
  region size 1024K, 6 young (6144K), 6 survivors (6144K)
 Metaspace       used 51520K, capacity 52894K, committed 52992K, reserved 563200K
  class space    used 6636K, capacity 7127K, committed 7168K, reserved 516096K
}
Event: 28.943 GC heap before
{Heap before GC invocations=46 (full 0):
 garbage-first heap   total 155648K, used 132564K [0x0000000080000000, 0x0000000100000000)
  region size 1024K, 67 young (68608K), 6 survivors (6144K)
 Metaspace       used 51520K, capacity 52894K, committed 52992K, reserved 563200K
  class space    used 6636K, capacity 7127K, committed 7168K, reserved 516096K
}
Event: 28.946 GC heap after
{Heap after GC invocations=47 (full 0):
 garbage-first heap   total 155648K, used 70262K [0x0000000080000000, 0x0000000100000000)
  region size 1024K, 5 young (5120K), 5 survivors (5120K)
 Metaspace       used 51520K, capacity 52894K, committed 52992K, reserved 563200K
  class space    used 6636K, capacity 7127K, committed 7168K, reserved 516096K
}
Event: 29.189 GC heap before
{Heap before GC invocations=47 (full 0):
 garbage-first heap   total 155648K, used 133750K [0x0000000080000000, 0x0000000100000000)
  region size 1024K, 67 young (68608K), 5 survivors (5120K)
 Metaspace       used 51520K, capacity 52894K, committed 52992K, reserved 563200K
  class space    used 6636K, capacity 7127K, committed 7168K, reserved 516096K
}
Event: 29.193 GC heap after
{Heap after GC invocations=48 (full 0):
 garbage-first heap   total 155648K, used 70992K [0x0000000080000000, 0x0000000100000000)
  region size 1024K, 5 young (5120K), 5 survivors (5120K)
 Metaspace       used 51520K, capacity 52894K, committed 52992K, reserved 563200K
  class space    used 6636K, capacity 7127K, committed 7168K, reserved 516096K
}
Event: 29.608 GC heap before
{Heap before GC invocations=48 (full 0):
 garbage-first heap   total 155648K, used 133456K [0x0000000080000000, 0x0000000100000000)
  region size 1024K, 66 young (67584K), 5 survivors (5120K)
 Metaspace       used 51520K, capacity 52894K, committed 52992K, reserved 563200K
  class space    used 6636K, capacity 7127K, committed 7168K, reserved 516096K
}
Event: 29.612 GC heap after
{Heap after GC invocations=49 (full 0):
 garbage-first heap   total 155648K, used 71544K [0x0000000080000000, 0x0000000100000000)
  region size 1024K, 5 young (5120K), 5 survivors (5120K)
 Metaspace       used 51520K, capacity 52894K, committed 52992K, reserved 563200K
  class space    used 6636K, capacity 7127K, committed 7168K, reserved 516096K
}
Event: 29.912 GC heap before
{Heap before GC invocations=49 (full 0):
 garbage-first heap   total 155648K, used 132984K [0x0000000080000000, 0x0000000100000000)
  region size 1024K, 65 young (66560K), 5 survivors (5120K)
 Metaspace       used 51520K, capacity 52894K, committed 52992K, reserved 563200K
  class space    used 6636K, capacity 7127K, committed 7168K, reserved 516096K
}
Event: 29.916 GC heap after
{Heap after GC invocations=50 (full 0):
 garbage-first heap   total 155648K, used 72105K [0x0000000080000000, 0x0000000100000000)
  region size 1024K, 6 young (6144K), 6 survivors (6144K)
 Metaspace       used 51520K, capacity 52894K, committed 52992K, reserved 563200K
  class space    used 6636K, capacity 7127K, committed 7168K, reserved 516096K
}
Event: 30.154 GC heap before
{Heap before GC invocations=50 (full 0):
 garbage-first heap   total 155648K, used 131497K [0x0000000080000000, 0x0000000100000000)
  region size 1024K, 64 young (65536K), 6 survivors (6144K)
 Metaspace       used 51520K, capacity 52894K, committed 52992K, reserved 563200K
  class space    used 6636K, capacity 7127K, committed 7168K, reserved 516096K
}
Event: 30.157 GC heap after
{Heap after GC invocations=51 (full 0):
 garbage-first heap   total 155648K, used 72778K [0x0000000080000000, 0x0000000100000000)
  region size 1024K, 5 young (5120K), 5 survivors (5120K)
 Metaspace       used 51520K, capacity 52894K, committed 52992K, reserved 563200K
  class space    used 6636K, capacity 7127K, committed 7168K, reserved 516096K
}
Event: 30.463 GC heap before
{Heap before GC invocations=51 (full 0):
 garbage-first heap   total 155648K, used 133194K [0x0000000080000000, 0x0000000100000000)
  region size 1024K, 64 young (65536K), 5 survivors (5120K)
 Metaspace       used 51521K, capacity 52894K, committed 52992K, reserved 563200K
  class space    used 6636K, capacity 7127K, committed 7168K, reserved 516096K
}
Event: 30.467 GC heap after
{Heap after GC invocations=52 (full 0):
 garbage-first heap   total 155648K, used 73387K [0x0000000080000000, 0x0000000100000000)
  region size 1024K, 5 young (5120K), 5 survivors (5120K)
 Metaspace       used 51521K, capacity 52894K, committed 52992K, reserved 563200K
  class space    used 6636K, capacity 7127K, committed 7168K, reserved 516096K
}
Event: 30.766 GC heap before
{Heap before GC invocations=52 (full 0):
 garbage-first heap   total 155648K, used 132779K [0x0000000080000000, 0x0000000100000000)
  region size 1024K, 63 young (64512K), 5 survivors (5120K)
 Metaspace       used 51525K, capacity 52894K, committed 52992K, reserved 563200K
  class space    used 6636K, capacity 7127K, committed 7168K, reserved 516096K
}
Event: 30.771 GC heap after
{Heap after GC invocations=53 (full 0):
 garbage-first heap   total 187392K, used 74152K [0x0000000080000000, 0x0000000100000000)
  region size 1024K, 5 young (5120K), 5 survivors (5120K)
 Metaspace       used 51525K, capacity 52894K, committed 52992K, reserved 563200K
  class space    used 6636K, capacity 7127K, committed 7168K, reserved 516096K
}
Event: 30.941 GC heap before
{Heap before GC invocations=53 (full 0):
 garbage-first heap   total 187392K, used 151976K [0x0000000080000000, 0x0000000100000000)
  region size 1024K, 81 young (82944K), 5 survivors (5120K)
 Metaspace       used 51525K, capacity 52894K, committed 52992K, reserved 563200K
  class space    used 6636K, capacity 7127K, committed 7168K, reserved 516096K
}
Event: 30.945 GC heap after
{Heap after GC invocations=54 (full 0):
 garbage-first heap   total 187392K, used 74542K [0x0000000080000000, 0x0000000100000000)
  region size 1024K, 5 young (5120K), 5 survivors (5120K)
 Metaspace       used 51525K, capacity 52894K, committed 52992K, reserved 563200K
  class space    used 6636K, capacity 7127K, committed 7168K, reserved 516096K
}

Deoptimization events (20 events):
Event: 29.113 Thread 0x000001d99f46b800 Uncommon trap: trap_request=0xffffffbe fr.pc=0x000001d98b8e5a78 relative=0x0000000000006938
Event: 29.113 Thread 0x000001d99f46b800 Uncommon trap: reason=profile_predicate action=maybe_recompile pc=0x000001d98b8e5a78 method=org.objectweb.asm.ClassReader.readCode(Lorg/objectweb/asm/MethodVisitor;Lorg/objectweb/asm/Context;I)V @ 2190 c2
Event: 29.113 Thread 0x000001d99f46b800 DEOPT PACKING pc=0x000001d98b8e5a78 sp=0x000000d7b36fe240
Event: 29.113 Thread 0x000001d99f46b800 DEOPT UNPACKING pc=0x000001d983a6662f sp=0x000000d7b36fe1b0 mode 2
Event: 29.117 Thread 0x000001d99f46b800 Uncommon trap: trap_request=0xffffffbe fr.pc=0x000001d98b8e5a78 relative=0x0000000000006938
Event: 29.117 Thread 0x000001d99f46b800 Uncommon trap: reason=profile_predicate action=maybe_recompile pc=0x000001d98b8e5a78 method=org.objectweb.asm.ClassReader.readCode(Lorg/objectweb/asm/MethodVisitor;Lorg/objectweb/asm/Context;I)V @ 2190 c2
Event: 29.117 Thread 0x000001d99f46b800 DEOPT PACKING pc=0x000001d98b8e5a78 sp=0x000000d7b36fe240
Event: 29.117 Thread 0x000001d99f46b800 DEOPT UNPACKING pc=0x000001d983a6662f sp=0x000000d7b36fe1b0 mode 2
Event: 29.122 Thread 0x000001d99f46b800 Uncommon trap: trap_request=0xffffffbe fr.pc=0x000001d98b8e5a78 relative=0x0000000000006938
Event: 29.122 Thread 0x000001d99f46b800 Uncommon trap: reason=profile_predicate action=maybe_recompile pc=0x000001d98b8e5a78 method=org.objectweb.asm.ClassReader.readCode(Lorg/objectweb/asm/MethodVisitor;Lorg/objectweb/asm/Context;I)V @ 2190 c2
Event: 29.122 Thread 0x000001d99f46b800 DEOPT PACKING pc=0x000001d98b8e5a78 sp=0x000000d7b36fe240
Event: 29.122 Thread 0x000001d99f46b800 DEOPT UNPACKING pc=0x000001d983a6662f sp=0x000000d7b36fe1b0 mode 2
Event: 29.161 Thread 0x000001d99f46b800 Uncommon trap: trap_request=0xffffffbe fr.pc=0x000001d98b784a34 relative=0x0000000000006554
Event: 29.161 Thread 0x000001d99f46b800 Uncommon trap: reason=profile_predicate action=maybe_recompile pc=0x000001d98b784a34 method=org.objectweb.asm.ClassReader.readCode(Lorg/objectweb/asm/MethodVisitor;Lorg/objectweb/asm/Context;I)V @ 2190 c2
Event: 29.161 Thread 0x000001d99f46b800 DEOPT PACKING pc=0x000001d98b784a34 sp=0x000000d7b36fe250
Event: 29.161 Thread 0x000001d99f46b800 DEOPT UNPACKING pc=0x000001d983a6662f sp=0x000000d7b36fe1b0 mode 2
Event: 30.959 Thread 0x000001d99f46b800 Uncommon trap: trap_request=0xffffff4d fr.pc=0x000001d98b9f78c4 relative=0x0000000000000ae4
Event: 30.959 Thread 0x000001d99f46b800 Uncommon trap: reason=unstable_if action=reinterpret pc=0x000001d98b9f78c4 method=org.apache.commons.compress.archivers.zip.NioZipEncoding.encode(Ljava/lang/String;)Ljava/nio/ByteBuffer; @ 30 c2
Event: 30.959 Thread 0x000001d99f46b800 DEOPT PACKING pc=0x000001d98b9f78c4 sp=0x000000d7b36fe4f0
Event: 30.959 Thread 0x000001d99f46b800 DEOPT UNPACKING pc=0x000001d983a6662f sp=0x000000d7b36fe4a0 mode 2

Classes redefined (0 events):
No events

Internal exceptions (20 events):
Event: 25.239 Thread 0x000001d99d94d800 Exception <a 'sun/nio/fs/WindowsException'{0x0000000088a5e6b0}> (0x0000000088a5e6b0) thrown at [./src/hotspot/share/prims/jni.cpp, line 615]
Event: 25.246 Thread 0x000001d99d94d800 Exception <a 'sun/nio/fs/WindowsException'{0x0000000088a65188}> (0x0000000088a65188) thrown at [./src/hotspot/share/prims/jni.cpp, line 615]
Event: 25.262 Thread 0x000001d99d94d800 Exception <a 'sun/nio/fs/WindowsException'{0x0000000087f70960}> (0x0000000087f70960) thrown at [./src/hotspot/share/prims/jni.cpp, line 615]
Event: 25.264 Thread 0x000001d99d94c800 Exception <a 'sun/nio/fs/WindowsException'{0x00000000880f65c8}> (0x00000000880f65c8) thrown at [./src/hotspot/share/prims/jni.cpp, line 615]
Event: 25.264 Thread 0x000001d99d94d800 Exception <a 'sun/nio/fs/WindowsException'{0x0000000087f70b30}> (0x0000000087f70b30) thrown at [./src/hotspot/share/prims/jni.cpp, line 615]
Event: 25.272 Thread 0x000001d99f467000 Exception <a 'sun/nio/fs/WindowsException'{0x0000000087ab9470}> (0x0000000087ab9470) thrown at [./src/hotspot/share/prims/jni.cpp, line 615]
Event: 25.273 Thread 0x000001d99f467000 Exception <a 'sun/nio/fs/WindowsException'{0x0000000087ab95e0}> (0x0000000087ab95e0) thrown at [./src/hotspot/share/prims/jni.cpp, line 615]
Event: 25.293 Thread 0x000001d99f468000 Exception <a 'sun/nio/fs/WindowsException'{0x000000008703bba0}> (0x000000008703bba0) thrown at [./src/hotspot/share/prims/jni.cpp, line 615]
Event: 25.294 Thread 0x000001d99f468000 Exception <a 'sun/nio/fs/WindowsException'{0x000000008703bd68}> (0x000000008703bd68) thrown at [./src/hotspot/share/prims/jni.cpp, line 615]
Event: 25.356 Thread 0x000001d99f46b800 Exception <a 'sun/nio/fs/WindowsException'{0x00000000895428d0}> (0x00000000895428d0) thrown at [./src/hotspot/share/prims/jni.cpp, line 615]
Event: 25.369 Thread 0x000001d99d94c800 Exception <a 'sun/nio/fs/WindowsException'{0x000000008933b748}> (0x000000008933b748) thrown at [./src/hotspot/share/prims/jni.cpp, line 615]
Event: 25.374 Thread 0x000001d99d94c800 Exception <a 'sun/nio/fs/WindowsException'{0x000000008933b910}> (0x000000008933b910) thrown at [./src/hotspot/share/prims/jni.cpp, line 615]
Event: 25.478 Thread 0x000001d99d950000 Exception <a 'sun/nio/fs/WindowsException'{0x0000000086c580b8}> (0x0000000086c580b8) thrown at [./src/hotspot/share/prims/jni.cpp, line 615]
Event: 25.479 Thread 0x000001d99d950000 Exception <a 'sun/nio/fs/WindowsException'{0x0000000086c58250}> (0x0000000086c58250) thrown at [./src/hotspot/share/prims/jni.cpp, line 615]
Event: 26.314 Thread 0x000001d99f466800 Exception <a 'sun/nio/fs/WindowsException'{0x0000000088cbc7b8}> (0x0000000088cbc7b8) thrown at [./src/hotspot/share/prims/jni.cpp, line 615]
Event: 26.315 Thread 0x000001d99f466800 Exception <a 'sun/nio/fs/WindowsException'{0x0000000088cbc920}> (0x0000000088cbc920) thrown at [./src/hotspot/share/prims/jni.cpp, line 615]
Event: 26.487 Thread 0x000001d99f469000 Exception <a 'sun/nio/fs/WindowsException'{0x0000000086420ac8}> (0x0000000086420ac8) thrown at [./src/hotspot/share/prims/jni.cpp, line 615]
Event: 26.488 Thread 0x000001d99f469000 Exception <a 'sun/nio/fs/WindowsException'{0x0000000086420c98}> (0x0000000086420c98) thrown at [./src/hotspot/share/prims/jni.cpp, line 615]
Event: 31.054 Thread 0x000001d99f46b800 Exception <a 'sun/nio/fs/WindowsException'{0x0000000088795fd0}> (0x0000000088795fd0) thrown at [./src/hotspot/share/prims/jni.cpp, line 615]
Event: 31.060 Thread 0x000001d99f46b800 Exception <a 'sun/nio/fs/WindowsException'{0x0000000088796178}> (0x0000000088796178) thrown at [./src/hotspot/share/prims/jni.cpp, line 615]

Events (20 events):
Event: 28.357 Executing VM operation: G1CollectForAllocation
Event: 28.360 Executing VM operation: G1CollectForAllocation done
Event: 28.595 Executing VM operation: G1CollectForAllocation
Event: 28.599 Executing VM operation: G1CollectForAllocation done
Event: 28.943 Executing VM operation: G1CollectForAllocation
Event: 28.946 Executing VM operation: G1CollectForAllocation done
Event: 29.189 Executing VM operation: G1CollectForAllocation
Event: 29.193 Executing VM operation: G1CollectForAllocation done
Event: 29.608 Executing VM operation: G1CollectForAllocation
Event: 29.612 Executing VM operation: G1CollectForAllocation done
Event: 29.912 Executing VM operation: G1CollectForAllocation
Event: 29.916 Executing VM operation: G1CollectForAllocation done
Event: 30.153 Executing VM operation: G1CollectForAllocation
Event: 30.157 Executing VM operation: G1CollectForAllocation done
Event: 30.463 Executing VM operation: G1CollectForAllocation
Event: 30.467 Executing VM operation: G1CollectForAllocation done
Event: 30.766 Executing VM operation: G1CollectForAllocation
Event: 30.771 Executing VM operation: G1CollectForAllocation done
Event: 30.941 Executing VM operation: G1CollectForAllocation
Event: 30.945 Executing VM operation: G1CollectForAllocation done


Dynamic libraries:
0x00007ff634fd0000 - 0x00007ff634fda000 	C:\Program Files\Android\Android Studio\jre\bin\java.exe
0x00007ffc47590000 - 0x00007ffc47788000 	C:\WINDOWS\SYSTEM32\ntdll.dll
0x00007ffc455d0000 - 0x00007ffc4568f000 	C:\WINDOWS\System32\KERNEL32.DLL
0x00007ffc44c80000 - 0x00007ffc44f52000 	C:\WINDOWS\System32\KERNELBASE.dll
0x00007ffc45280000 - 0x00007ffc45380000 	C:\WINDOWS\System32\ucrtbase.dll
0x00007ffc24a90000 - 0x00007ffc24aa7000 	C:\Program Files\Android\Android Studio\jre\bin\VCRUNTIME140.dll
0x00007ffc234e0000 - 0x00007ffc234f9000 	C:\Program Files\Android\Android Studio\jre\bin\jli.dll
0x00007ffc46800000 - 0x00007ffc469a1000 	C:\WINDOWS\System32\USER32.dll
0x00007ffc45380000 - 0x00007ffc453a2000 	C:\WINDOWS\System32\win32u.dll
0x00007ffc46b60000 - 0x00007ffc46b8b000 	C:\WINDOWS\System32\GDI32.dll
0x00007ffc453b0000 - 0x00007ffc454bf000 	C:\WINDOWS\System32\gdi32full.dll
0x00007ffc45130000 - 0x00007ffc451cd000 	C:\WINDOWS\System32\msvcp_win.dll
0x00007ffc44080000 - 0x00007ffc4431a000 	C:\WINDOWS\WinSxS\amd64_microsoft.windows.common-controls_6595b64144ccf1df_6.0.19041.1110_none_60b5254171f9507e\COMCTL32.dll
0x00007ffc46d60000 - 0x00007ffc46dfe000 	C:\WINDOWS\System32\msvcrt.dll
0x00007ffc45f90000 - 0x00007ffc45fc2000 	C:\WINDOWS\System32\IMM32.DLL
0x00007ffc0ec80000 - 0x00007ffc0ed1d000 	C:\Program Files\Android\Android Studio\jre\bin\msvcp140.dll
0x00007ffc07ea0000 - 0x00007ffc08975000 	C:\Program Files\Android\Android Studio\jre\bin\server\jvm.dll
0x00007ffc466f0000 - 0x00007ffc4679e000 	C:\WINDOWS\System32\ADVAPI32.dll
0x00007ffc46c40000 - 0x00007ffc46cdc000 	C:\WINDOWS\System32\sechost.dll
0x00007ffc46330000 - 0x00007ffc46455000 	C:\WINDOWS\System32\RPCRT4.dll
0x00007ffc466e0000 - 0x00007ffc466e8000 	C:\WINDOWS\System32\PSAPI.DLL
0x00007ffc334e0000 - 0x00007ffc33507000 	C:\WINDOWS\SYSTEM32\WINMM.dll
0x00007ffc33a00000 - 0x00007ffc33a09000 	C:\WINDOWS\SYSTEM32\WSOCK32.dll
0x00007ffc3c0c0000 - 0x00007ffc3c0ca000 	C:\WINDOWS\SYSTEM32\VERSION.dll
0x00007ffc45f20000 - 0x00007ffc45f8b000 	C:\WINDOWS\System32\WS2_32.dll
0x00007ffc424d0000 - 0x00007ffc424e2000 	C:\WINDOWS\SYSTEM32\kernel.appcore.dll
0x00007ffc41b70000 - 0x00007ffc41b81000 	C:\Program Files\Android\Android Studio\jre\bin\verify.dll
0x00007ffc446b0000 - 0x00007ffc44894000 	C:\WINDOWS\SYSTEM32\DBGHELP.DLL
0x00007ffc44450000 - 0x00007ffc44485000 	C:\WINDOWS\SYSTEM32\dbgcore.DLL
0x00007ffc45540000 - 0x00007ffc455c2000 	C:\WINDOWS\System32\bcryptPrimitives.dll
0x00007ffc2f060000 - 0x00007ffc2f089000 	C:\Program Files\Android\Android Studio\jre\bin\java.dll
0x00007ffc446a0000 - 0x00007ffc446ab000 	C:\Program Files\Android\Android Studio\jre\bin\jimage.dll
0x00007ffc40110000 - 0x00007ffc40128000 	C:\Program Files\Android\Android Studio\jre\bin\zip.dll
0x00007ffc46e00000 - 0x00007ffc47544000 	C:\WINDOWS\System32\SHELL32.dll
0x00007ffc426d0000 - 0x00007ffc42e62000 	C:\WINDOWS\SYSTEM32\windows.storage.dll
0x00007ffc45fd0000 - 0x00007ffc46325000 	C:\WINDOWS\System32\combase.dll
0x00007ffc43fe0000 - 0x00007ffc44010000 	C:\WINDOWS\SYSTEM32\Wldp.dll
0x00007ffc46b90000 - 0x00007ffc46c3d000 	C:\WINDOWS\System32\SHCORE.dll
0x00007ffc45ca0000 - 0x00007ffc45cf5000 	C:\WINDOWS\System32\shlwapi.dll
0x00007ffc44bc0000 - 0x00007ffc44bdf000 	C:\WINDOWS\SYSTEM32\profapi.dll
0x00007ffc3f1c0000 - 0x00007ffc3f1da000 	C:\Program Files\Android\Android Studio\jre\bin\net.dll
0x00007ffc3b670000 - 0x00007ffc3b77c000 	C:\WINDOWS\SYSTEM32\WINHTTP.dll
0x00007ffc43ee0000 - 0x00007ffc43f4a000 	C:\WINDOWS\system32\mswsock.dll
0x00007ffc3e940000 - 0x00007ffc3e954000 	C:\Program Files\Android\Android Studio\jre\bin\nio.dll
0x00007ffc1ff20000 - 0x00007ffc1ff47000 	C:\Users\ACER\.gradle\native\68d5fa5c4cc2d200863cafc0d521ce42e7d3e7ee720ec0a83991735586a16f82\windows-amd64\native-platform.dll
0x00007ffc0cf40000 - 0x00007ffc0d084000 	C:\Users\ACER\.gradle\native\e376f236ea51e6404a007f0833ffe2c6e607c4080706a723a18a27aeea778392\windows-amd64\native-platform-file-events.dll
0x00007ffc44650000 - 0x00007ffc4465a000 	C:\Program Files\Android\Android Studio\jre\bin\management.dll
0x00007ffc44630000 - 0x00007ffc4463d000 	C:\Program Files\Android\Android Studio\jre\bin\management_ext.dll
0x00007ffc44a10000 - 0x00007ffc44a28000 	C:\WINDOWS\SYSTEM32\CRYPTSP.dll
0x00007ffc436c0000 - 0x00007ffc436f4000 	C:\WINDOWS\system32\rsaenh.dll
0x00007ffc454c0000 - 0x00007ffc454e7000 	C:\WINDOWS\System32\bcrypt.dll
0x00007ffc44b80000 - 0x00007ffc44bae000 	C:\WINDOWS\SYSTEM32\USERENV.dll
0x00007ffc43fd0000 - 0x00007ffc43fdc000 	C:\WINDOWS\SYSTEM32\CRYPTBASE.dll
0x00007ffc43a30000 - 0x00007ffc43a6b000 	C:\WINDOWS\SYSTEM32\IPHLPAPI.DLL
0x00007ffc45dd0000 - 0x00007ffc45dd8000 	C:\WINDOWS\System32\NSI.dll
0x00007ffc3ccb0000 - 0x00007ffc3ccc7000 	C:\WINDOWS\SYSTEM32\dhcpcsvc6.DLL
0x00007ffc3cb80000 - 0x00007ffc3cb9d000 	C:\WINDOWS\SYSTEM32\dhcpcsvc.DLL
0x00007ffc43a70000 - 0x00007ffc43b3a000 	C:\WINDOWS\SYSTEM32\DNSAPI.dll
0x00007ffc449d0000 - 0x00007ffc44a03000 	C:\WINDOWS\SYSTEM32\ntmarta.dll

dbghelp: loaded successfully - version: 4.0.5 - missing functions: none
symbol engine: initialized successfully - sym options: 0x614 - pdb path: .;C:\Program Files\Android\Android Studio\jre\bin;C:\WINDOWS\SYSTEM32;C:\WINDOWS\WinSxS\amd64_microsoft.windows.common-controls_6595b64144ccf1df_6.0.19041.1110_none_60b5254171f9507e;C:\Program Files\Android\Android Studio\jre\bin\server;C:\Users\ACER\.gradle\native\68d5fa5c4cc2d200863cafc0d521ce42e7d3e7ee720ec0a83991735586a16f82\windows-amd64;C:\Users\ACER\.gradle\native\e376f236ea51e6404a007f0833ffe2c6e607c4080706a723a18a27aeea778392\windows-amd64

VM Arguments:
jvm_args: -XX:MaxMetaspaceSize=512m --add-opens=java.base/java.util.concurrent.atomic=ALL-UNNAMED --add-opens=java.base/java.util=ALL-UNNAMED --add-opens=java.base/java.lang=ALL-UNNAMED --add-opens=java.base/java.lang.invoke=ALL-UNNAMED --add-opens=java.prefs/java.util.prefs=ALL-UNNAMED --add-opens=java.base/java.nio.charset=ALL-UNNAMED --add-opens=java.base/java.net=ALL-UNNAMED --add-opens=java.base/java.util.concurrent.atomic=ALL-UNNAMED -Xmx2048m -Dfile.encoding=windows-1252 -Duser.country=US -Duser.language=en -Duser.variant 
java_command: org.gradle.launcher.daemon.bootstrap.GradleDaemon 8.0.1
java_class_path (initial): C:\Users\ACER\.gradle\wrapper\dists\gradle-8.0.1-all\aro4hu1c3oeioove7l0i4i14o\gradle-8.0.1\lib\gradle-launcher-8.0.1.jar
Launcher Type: SUN_STANDARD

[Global flags]
     intx CICompilerCount                          = 4                                         {product} {ergonomic}
   size_t CompressedClassSpaceSize                 = 528482304                                 {product} {ergonomic}
     uint ConcGCThreads                            = 2                                         {product} {ergonomic}
     uint G1ConcRefinementThreads                  = 8                                         {product} {ergonomic}
   size_t G1HeapRegionSize                         = 1048576                                   {product} {ergonomic}
    uintx GCDrainStackTargetSize                   = 64                                        {product} {ergonomic}
   size_t InitialHeapSize                          = 132120576                                 {product} {ergonomic}
   size_t MarkStackSize                            = 4194304                                   {product} {ergonomic}
   size_t MaxHeapSize                              = 2147483648                                {product} {command line}
   size_t MaxMetaspaceSize                         = 536870912                                 {product} {command line}
   size_t MaxNewSize                               = 1287651328                                {product} {ergonomic}
   size_t MinHeapDeltaBytes                        = 1048576                                   {product} {ergonomic}
    uintx NonNMethodCodeHeapSize                   = 5836300                                {pd product} {ergonomic}
    uintx NonProfiledCodeHeapSize                  = 122910970                              {pd product} {ergonomic}
    uintx ProfiledCodeHeapSize                     = 122910970                              {pd product} {ergonomic}
    uintx ReservedCodeCacheSize                    = 251658240                              {pd product} {ergonomic}
     bool SegmentedCodeCache                       = true                                      {product} {ergonomic}
     bool UseCompressedClassPointers               = true                                 {lp64_product} {ergonomic}
     bool UseCompressedOops                        = true                                 {lp64_product} {ergonomic}
     bool UseG1GC                                  = true                                      {product} {ergonomic}
     bool UseLargePagesIndividualAllocation        = false                                  {pd product} {ergonomic}

Logging:
Log output configuration:
 #0: stdout all=warning uptime,level,tags
 #1: stderr all=off uptime,level,tags

Environment Variables:
JAVA_HOME=C:\Program Files\Java\jdk-15.0.1
PATH=C:\Python39\Scripts\;C:\Python39\;C:\Windows\system32;C:\Windows;C:\Windows\System32\Wbem;C:\Windows\System32\WindowsPowerShell\v1.0\;C:\Windows\System32\OpenSSH\;C:\Program Files (x86)\NVIDIA Corporation\PhysX\Common;C:\Program Files\NVIDIA Corporation\NVIDIA NvDLISR;C:\WINDOWS\system32;C:\WINDOWS;C:\WINDOWS\System32\Wbem;C:\WINDOWS\System32\WindowsPowerShell\v1.0\;C:\WINDOWS\System32\OpenSSH\;C:\Program Files\nodejs;C:\ProgramData\chocolatey\bin;C:\Program Files\sdk\platforms;C:\Program Files\Java\jdk-15.0.1\bin;D:\Git\cmd;C:\Program Files\nodejs\;C:\Users\ACER\AppData\Local\Microsoft\WindowsApps;C:\Users\ACER\AppData\Local\Android\Sdk\platform-tools;C:\Users\ACER\AppData\Local\Programs\Microsoft VS Code\bin;C:\Users\ACER\AppData\Roaming\npm
USERNAME=ACER
OS=Windows_NT
PROCESSOR_IDENTIFIER=Intel64 Family 6 Model 158 Stepping 13, GenuineIntel



---------------  S Y S T E M  ---------------

OS: Windows 10 , 64 bit Build 19041 (10.0.19041.2364)
OS uptime: 3 days 0:01 hours

CPU:total 8 (initial active 8) (4 cores per cpu, 2 threads per core) family 6 model 158 stepping 13 microcode 0xb8, cmov, cx8, fxsr, mmx, sse, sse2, sse3, ssse3, sse4.1, sse4.2, popcnt, avx, avx2, aes, clmul, erms, 3dnowpref, lzcnt, ht, tsc, tscinvbit, bmi1, bmi2, adx, fma

Memory: 4k page, system-wide physical 8034M (40M free)
TotalPageFile size 20322M (AvailPageFile size 86M)
current process WorkingSet (physical memory assigned to process): 298M, peak: 315M
current process commit charge ("private bytes"): 388M, peak: 389M

vm_info: OpenJDK 64-Bit Server VM (11.0.11+9-b60-7590822) for windows-amd64 JRE (11.0.11+9-b60-7590822), built on Jul 29 2021 21:43:44 by "builder" with MS VC++ 14.0 (VS2015)

END.
